[2022-07-13 15:04:31] local.INFO: Employee ID:  220 registered (IBAÑEZ 0008)  
[2022-07-13 15:06:26] local.INFO: Employee ID:  220 registered (IBAÑEZ 0008)  
[2022-07-13 15:08:32] local.INFO: Employee ID:  8 registered (ABUYEN 0001)  
[2022-07-13 15:08:32] local.INFO: Employee ID:  20 registered (ALMEDA 0001)  
[2022-07-13 15:08:33] local.INFO: Employee ID:  40 registered (AZUCENA 0001)  
[2022-07-13 15:08:33] local.INFO: Employee ID:  89 registered (CAGUICLA 0001)  
[2022-07-13 15:08:33] local.INFO: Employee ID:  98 registered (CAÑA 0001)  
[2022-07-13 15:08:34] local.INFO: Employee ID:  102 registered (CAPODOL 0001)  
[2022-07-13 15:08:34] local.INFO: Employee ID:  107 registered (CASILAN  0001)  
[2022-07-13 15:08:34] local.INFO: Employee ID:  138 registered (CREER 0001)  
[2022-07-13 15:08:35] local.INFO: Employee ID:  147 registered (DALUT 0001)  
[2022-07-13 15:08:36] local.INFO: Employee ID:  721 registered (DAYANGCO 0001)  
[2022-07-13 15:08:36] local.INFO: Employee ID:  158 registered (DELA CRUZ 0001)  
[2022-07-13 15:08:36] local.INFO: Employee ID:  163 registered (DESABILLE 0001)  
[2022-07-13 15:08:37] local.INFO: Employee ID:  166 registered (DITALO 0001)  
[2022-07-13 15:08:37] local.INFO: Employee ID:  575 registered (EDARA 0001)  
[2022-07-13 15:08:37] local.INFO: Employee ID:  179 registered (ENGRACIAL 0001)  
[2022-07-13 15:08:38] local.INFO: Employee ID:  191 registered (FORTALIZA 0001)  
[2022-07-13 15:08:38] local.INFO: Employee ID:  203 registered (GERELLANA 0001)  
[2022-07-13 15:08:38] local.INFO: Employee ID:  205 registered (GEREZ 0001)  
[2022-07-13 15:08:39] local.INFO: Employee ID:  215 registered (GUIBAO 0001)  
[2022-07-13 15:08:39] local.INFO: Employee ID:  221 registered (IDA 0001)  
[2022-07-13 15:08:40] local.INFO: Employee ID:  611 registered (LABIDE 0001)  
[2022-07-13 15:08:40] local.INFO: Employee ID:  241 registered (LAGADO 0001)  
[2022-07-13 15:08:40] local.INFO: Employee ID:  258 registered (LOPEZ 0001)  
[2022-07-13 15:08:41] local.INFO: Employee ID:  267 registered (MAGALLANES 0001)  
[2022-07-13 15:08:41] local.INFO: Employee ID:  271 registered (MAGNO 0001)  
[2022-07-13 15:08:42] local.INFO: Employee ID:  684 registered (MAROTO 0001)  
[2022-07-13 15:08:42] local.INFO: Employee ID:  302 registered (MONESIT 0001)  
[2022-07-13 15:08:43] local.INFO: Employee ID:  606 registered (OCENAR 0001)  
[2022-07-13 15:08:43] local.INFO: Employee ID:  342 registered (PALCONITE 0001)  
[2022-07-13 15:08:44] local.INFO: Employee ID:  353 registered (PATENIO 0001)  
[2022-07-13 15:08:44] local.INFO: Employee ID:  356 registered (PELAYO 0001)  
[2022-07-13 15:08:45] local.INFO: Employee ID:  516 registered (PEREZ 0001)  
[2022-07-13 15:08:45] local.INFO: Employee ID:  373 registered (RAYNADA 0001)  
[2022-07-13 15:08:45] local.INFO: Employee ID:  557 registered (REVANO 0001)  
[2022-07-13 15:08:46] local.INFO: Employee ID:  529 registered (SABIDO 0001)  
[2022-07-13 15:08:46] local.INFO: Employee ID:  492 registered (SERRANO 0001)  
[2022-07-13 15:08:47] local.INFO: Employee ID:  446 registered (VERECIO 0001)  
[2022-07-13 15:08:47] local.INFO: Employee ID:  495 registered (ANIMOS 0001)  
[2022-07-13 15:08:48] local.INFO: Employee ID:  29 registered (APOLINAR 0001)  
[2022-07-13 15:08:48] local.INFO: Employee ID:  560 registered (BADIABLE 0001)  
[2022-07-13 15:08:48] local.INFO: Employee ID:  717 registered (CAJANO 0001)  
[2022-07-13 15:08:48] local.INFO: Employee ID:  565 registered (CAMPOS 0001)  
[2022-07-13 15:08:49] local.INFO: Employee ID:  633 registered (DE LA CRUZ 0001)  
[2022-07-13 15:08:49] local.INFO: Employee ID:  156 registered (DEFEO 0001)  
[2022-07-13 15:08:50] local.INFO: Employee ID:  176 registered (ELAGO 0001)  
[2022-07-13 15:08:50] local.INFO: Employee ID:  464 registered (GOMEZ 0001)  
[2022-07-13 15:08:51] local.INFO: Employee ID:  237 registered (JUNTADO 0001)  
[2022-07-13 15:08:51] local.INFO: Employee ID:  253 registered (LIBARA 0001)  
[2022-07-13 15:08:52] local.INFO: Employee ID:  289 registered (MENDIOLA 0001)  
[2022-07-13 15:08:52] local.INFO: Employee ID:  347 registered (PALMAIRA 0001)  
[2022-07-13 15:08:53] local.INFO: Employee ID:  206 registered (GESTA 0001)  
[2022-07-13 15:08:53] local.INFO: Employee ID:  563 registered (INOCENCIO 0001)  
[2022-07-13 15:08:54] local.INFO: Employee ID:  261 registered (LUCIANO 0001)  
[2022-07-13 15:08:54] local.INFO: Employee ID:  266 registered (MADRIAGA 0001)  
[2022-07-13 15:08:55] local.INFO: Employee ID:  317 registered (NUEVAS 0001)  
[2022-07-13 15:08:55] local.INFO: Employee ID:  444 registered (VALLE 0001)  
[2022-07-13 15:08:56] local.INFO: Employee ID:  3 registered (ABDON 0001)  
[2022-07-13 15:08:57] local.INFO: Employee ID:  509 registered (ABING 0001)  
[2022-07-13 15:08:57] local.INFO: Employee ID:  50 registered (BALLERMO 0001)  
[2022-07-13 15:08:58] local.INFO: Employee ID:  91 registered (CAJEDA 0001)  
[2022-07-13 15:08:59] local.INFO: Employee ID:  533 registered (CARIQUEZ 0001)  
[2022-07-13 15:08:59] local.INFO: Employee ID:  116 registered (CEBRERO 0001)  
[2022-07-13 15:09:00] local.INFO: Employee ID:  117 registered (CEDILLO 0001)  
[2022-07-13 15:09:01] local.INFO: Employee ID:  129 registered (CONSUEGRA 0001)  
[2022-07-13 15:09:02] local.INFO: Employee ID:  171 registered (DORO 0001)  
[2022-07-13 15:09:02] local.INFO: Employee ID:  177 registered (ELORDE 0001)  
[2022-07-13 15:09:02] local.INFO: Employee ID:  180 registered (ESCARLAN 0001)  
[2022-07-13 15:09:03] local.INFO: Employee ID:  225 registered (IMPOC 0001)  
[2022-07-13 15:09:03] local.INFO: Employee ID:  510 registered (MACEDA 0001)  
[2022-07-13 15:09:04] local.INFO: Employee ID:  269 registered (MAGLINTE 0001)  
[2022-07-13 15:09:04] local.INFO: Employee ID:  272 registered (MAGTABOG 0001)  
[2022-07-13 15:09:04] local.INFO: Employee ID:  292 registered (MERECILLO 0001)  
[2022-07-13 15:09:05] local.INFO: Employee ID:  309 registered (NICANOR 0001)  
[2022-07-13 15:09:06] local.INFO: Employee ID:  336 registered (PADAGDAG 0001)  
[2022-07-13 15:09:06] local.INFO: Employee ID:  339 registered (PADUAL 0001)  
[2022-07-13 15:09:07] local.INFO: Employee ID:  368 registered (QUIMNO 0001)  
[2022-07-13 15:09:07] local.INFO: Employee ID:  383 registered (ROMBANO 0001)  
[2022-07-13 15:09:08] local.INFO: Employee ID:  390 registered (SABUSAP 0001)  
[2022-07-13 15:09:08] local.INFO: Employee ID:  395 registered (SALVEDIA 0001)  
[2022-07-13 15:09:09] local.INFO: Employee ID:  408 registered (SINCO 0001)  
[2022-07-13 15:09:10] local.INFO: Employee ID:  10 registered (AGAPAY  0001)  
[2022-07-13 15:09:10] local.INFO: Employee ID:  64 registered (BELICANO 0001)  
[2022-07-13 15:09:11] local.INFO: Employee ID:  172 registered (DOYOLA 0001)  
[2022-07-13 15:09:11] local.INFO: Employee ID:  276 registered (MANGALE 0001)  
[2022-07-13 15:09:12] local.INFO: Employee ID:  369 registered (QUIMSON 0001)  
[2022-07-13 15:09:13] local.INFO: Employee ID:  6 registered (ABRIL 0001)  
[2022-07-13 15:09:13] local.INFO: Employee ID:  197 registered (GARADO 0001)  
[2022-07-13 15:09:14] local.INFO: Employee ID:  228 registered (JABINES 0001)  
[2022-07-13 15:09:14] local.INFO: Employee ID:  419 registered (SY 0001)  
[2022-07-13 15:09:15] local.INFO: Employee ID:  9 registered (ADVINCULA 0001)  
[2022-07-13 15:09:15] local.INFO: Employee ID:  19 registered (ALMADEN 0001)  
[2022-07-13 15:09:16] local.INFO: Employee ID:  53 registered (BAQUEROS 0001)  
[2022-07-13 15:09:16] local.INFO: Employee ID:  58 registered (BASAS 0001)  
[2022-07-13 15:09:17] local.INFO: Employee ID:  154 registered (DE LUNA 0001)  
[2022-07-13 15:09:18] local.INFO: Employee ID:  232 registered (JAYME 0001)  
[2022-07-13 15:09:18] local.INFO: Employee ID:  262 registered (LUMEN 0001)  
[2022-07-13 15:09:19] local.INFO: Employee ID:  350 registered (PARADO 0001)  
[2022-07-13 15:09:20] local.INFO: Employee ID:  385 registered (ROSALADO 0001)  
[2022-07-13 15:09:20] local.INFO: Employee ID:  422 registered (TAGANNA 0001)  
[2022-07-13 15:09:21] local.INFO: Employee ID:  449 registered (VILLACERAN 0001)  
[2022-07-13 15:09:21] local.INFO: Employee ID:  27 registered (ANGANA 0001)  
[2022-07-13 15:09:22] local.INFO: Employee ID:  628 registered (CADIGOY 0001)  
[2022-07-13 15:09:22] local.INFO: Employee ID:  120 registered (CHU 0001)  
[2022-07-13 15:09:23] local.INFO: Employee ID:  714 registered (DANO 0001)  
[2022-07-13 15:09:23] local.INFO: Employee ID:  167 registered (DIVINAGRACIA 0001)  
[2022-07-13 15:09:24] local.INFO: Employee ID:  187 registered (FAMILARA 0001)  
[2022-07-13 15:09:25] local.INFO: Employee ID:  202 registered (GARRIDO 0001)  
[2022-07-13 15:09:25] local.INFO: Employee ID:  666 registered (GREGORIO 0001)  
[2022-07-13 15:09:26] local.INFO: Employee ID:  230 registered (JADULAN 0001)  
[2022-07-13 15:09:27] local.INFO: Employee ID:  236 registered (JUMUAD 0001)  
[2022-07-13 15:09:27] local.INFO: Employee ID:  499 registered (LUMPAS 0001)  
[2022-07-13 15:09:28] local.INFO: Employee ID:  710 registered (MARTINEZ 0001)  
[2022-07-13 15:09:29] local.INFO: Employee ID:  286 registered (MARTIRES 0001)  
[2022-07-13 15:09:29] local.INFO: Employee ID:  323 registered (ONTULAN 0001)  
[2022-07-13 15:09:30] local.INFO: Employee ID:  324 registered (OPON 0001)  
[2022-07-13 15:09:30] local.INFO: Employee ID:  377 registered (RELI 0001)  
[2022-07-13 15:09:30] local.INFO: Employee ID:  618 registered (SABARRE 0001)  
[2022-07-13 15:09:31] local.INFO: Employee ID:  636 registered (TUTONA 0001)  
[2022-07-13 15:09:31] local.INFO: Employee ID:  442 registered (URBANO 0001)  
[2022-07-13 15:09:32] local.INFO: Employee ID:  664 registered (VERGARA 0001)  
[2022-07-13 15:09:32] local.INFO: Employee ID:  601 registered (AGUILAY 0001)  
[2022-07-13 15:09:33] local.INFO: Employee ID:  70 registered (BETUIN 0001)  
[2022-07-13 15:09:33] local.INFO: Employee ID:  545 registered (BONIOL 0001)  
[2022-07-13 15:09:34] local.INFO: Employee ID:  113 registered (CATAN 0001)  
[2022-07-13 15:09:35] local.INFO: Employee ID:  121 registered (CLARIDAD 0001)  
[2022-07-13 15:09:35] local.INFO: Employee ID:  140 registered (CUEVAS 0001)  
[2022-07-13 15:09:36] local.INFO: Employee ID:  663 registered (DOTOLLO 0001)  
[2022-07-13 15:09:37] local.INFO: Employee ID:  234 registered (JOKSON 0001)  
[2022-07-13 15:09:37] local.INFO: Employee ID:  544 registered (MANCERA 0001)  
[2022-07-13 15:09:38] local.INFO: Employee ID:  405 registered (SARMIENTO 0001)  
[2022-07-13 15:09:38] local.INFO: Employee ID:  662 registered (TABALNO 0001)  
[2022-07-13 15:09:39] local.INFO: Employee ID:  686 registered (AMANTE 0001)  
[2022-07-13 15:09:39] local.INFO: Employee ID:  77 registered (BRAMIDA 0001)  
[2022-07-13 15:09:40] local.INFO: Employee ID:  99 registered (CANTILLAS  0001)  
[2022-07-13 15:09:41] local.INFO: Employee ID:  103 registered (CARDOS 0001)  
[2022-07-13 15:09:41] local.INFO: Employee ID:  151 registered (DASIGAN 0001)  
[2022-07-13 15:09:42] local.INFO: Employee ID:  660 registered (DIORICO 0001)  
[2022-07-13 15:09:42] local.INFO: Employee ID:  256 registered (LLANES 0001)  
[2022-07-13 15:09:43] local.INFO: Employee ID:  584 registered (MASUBAY 0001)  
[2022-07-13 15:09:43] local.INFO: Employee ID:  709 registered (ORONOS 0001)  
[2022-07-13 15:09:45] local.INFO: Employee ID:  333 registered (PABELLO 0001)  
[2022-07-13 15:09:45] local.INFO: Employee ID:  357 registered (PENACHOS 0001)  
[2022-07-13 15:09:46] local.INFO: Employee ID:  370 registered (QUINTANA 0001)  
[2022-07-13 15:09:46] local.INFO: Employee ID:  384 registered (RONDA 0001)  
[2022-07-13 15:09:47] local.INFO: Employee ID:  421 registered (TAFALLA 0001)  
[2022-07-13 15:09:47] local.INFO: Employee ID:  439 registered (TONIDO 0001)  
[2022-07-13 15:09:48] local.INFO: Employee ID:  453 registered (VILLEGAS 0001)  
[2022-07-13 15:09:48] local.INFO: Employee ID:  637 registered (YEPES 0001)  
[2022-07-13 15:09:49] local.INFO: Employee ID:  554 registered (ANDALES 0001)  
[2022-07-13 15:09:49] local.INFO: Employee ID:  25 registered (ANDRADE 0001)  
[2022-07-13 15:09:50] local.INFO: Employee ID:  31 registered (ARCITA 0001)  
[2022-07-13 15:09:50] local.INFO: Employee ID:  63 registered (BEDUA 0001)  
[2022-07-13 15:09:50] local.INFO: Employee ID:  104 registered (CARTEL 0001)  
[2022-07-13 15:09:51] local.INFO: Employee ID:  123 registered (COLINAYO 0001)  
[2022-07-13 15:09:52] local.INFO: Employee ID:  135 registered (COSTALES 0001)  
[2022-07-13 15:09:52] local.INFO: Employee ID:  182 registered (ESLERA 0001)  
[2022-07-13 15:09:53] local.INFO: Employee ID:  210 registered (GO 0001)  
[2022-07-13 15:09:53] local.INFO: Employee ID:  227 registered (ISALOS 0001)  
[2022-07-13 15:09:54] local.INFO: Employee ID:  235 registered (JULKARNAIN 0001)  
[2022-07-13 15:09:54] local.INFO: Employee ID:  570 registered (NICASIO 0001)  
[2022-07-13 15:09:55] local.INFO: Employee ID:  314 registered (NOBLE 0001)  
[2022-07-13 15:09:56] local.INFO: Employee ID:  326 registered (ORE 0001)  
[2022-07-13 15:09:56] local.INFO: Employee ID:  661 registered (OVIS 0001)  
[2022-07-13 15:09:57] local.INFO: Employee ID:  338 registered (PADOC 0001)  
[2022-07-13 15:09:57] local.INFO: Employee ID:  481 registered (PORTUGAL 0001)  
[2022-07-13 15:09:57] local.INFO: Employee ID:  393 registered (SALAS 0001)  
[2022-07-13 15:09:58] local.INFO: Employee ID:  403 registered (SANTOS 0001)  
[2022-07-13 15:09:59] local.INFO: Employee ID:  406 registered (SENADO 0001)  
[2022-07-13 15:09:59] local.INFO: Employee ID:  420 registered (TABAO 0001)  
[2022-07-13 15:10:00] local.INFO: Employee ID:  716 registered (ESMEÑO 0001)  
[2022-07-13 15:10:00] local.INFO: Employee ID:  204 registered (GERELLANA 0001)  
[2022-07-13 15:10:01] local.INFO: Employee ID:  328 registered (ORIGENES 0001)  
[2022-07-13 15:10:03] local.INFO: Employee ID:  542 registered (BAYLON 0002)  
[2022-07-13 15:10:03] local.INFO: Employee ID:  69 registered (BERTULFO 0002)  
[2022-07-13 15:10:04] local.INFO: Employee ID:  125 registered (COLLERA 0002)  
[2022-07-13 15:10:04] local.INFO: Employee ID:  126 registered (COLLERA 0002)  
[2022-07-13 15:10:04] local.INFO: Employee ID:  128 registered (CONISE 0002)  
[2022-07-13 15:10:05] local.INFO: Employee ID:  588 registered (DACAL 0002)  
[2022-07-13 15:10:06] local.INFO: Employee ID:  643 registered (DIAZ 0002)  
[2022-07-13 15:10:06] local.INFO: Employee ID:  497 registered (EFE 0002)  
[2022-07-13 15:10:07] local.INFO: Employee ID:  642 registered (GERILLA 0002)  
[2022-07-13 15:10:07] local.INFO: Employee ID:  257 registered (LONZAGA 0002)  
[2022-07-13 15:10:08] local.INFO: Employee ID:  641 registered (MACASIL 0002)  
[2022-07-13 15:10:09] local.INFO: Employee ID:  480 registered (MALAZARTE 0002)  
[2022-07-13 15:10:09] local.INFO: Employee ID:  280 registered (MARAYA 0002)  
[2022-07-13 15:10:10] local.INFO: Employee ID:  469 registered (MIRASOL 0002)  
[2022-07-13 15:10:10] local.INFO: Employee ID:  608 registered (ONG 0002)  
[2022-07-13 15:10:11] local.INFO: Employee ID:  334 registered (PABUNAN 0002)  
[2022-07-13 15:10:11] local.INFO: Employee ID:  340 registered (PAJARES  0002)  
[2022-07-13 15:10:12] local.INFO: Employee ID:  361 registered (PICORRO 0002)  
[2022-07-13 15:10:12] local.INFO: Employee ID:  362 registered (PIDO 0002)  
[2022-07-13 15:10:13] local.INFO: Employee ID:  382 registered (RODRIGUEZ 0002)  
[2022-07-13 15:10:13] local.INFO: Employee ID:  386 registered (ROSALES 0002)  
[2022-07-13 15:10:14] local.INFO: Employee ID:  399 registered (SAMSON 0002)  
[2022-07-13 15:10:14] local.INFO: Employee ID:  402 registered (SANCHEZ 0002)  
[2022-07-13 15:10:15] local.INFO: Employee ID:  585 registered (SANTIAGO   0002)  
[2022-07-13 15:10:16] local.INFO: Employee ID:  443 registered (VALENZUELA 0002)  
[2022-07-13 15:10:16] local.INFO: Employee ID:  456 registered (YANUARIO 0002)  
[2022-07-13 15:10:17] local.INFO: Employee ID:  12 registered (AGUILAR 0002)  
[2022-07-13 15:10:18] local.INFO: Employee ID:  22 registered (AMBLON 0002)  
[2022-07-13 15:10:19] local.INFO: Employee ID:  34 registered (ASID 0002)  
[2022-07-13 15:10:20] local.INFO: Employee ID:  609 registered (AVILA 0002)  
[2022-07-13 15:10:20] local.INFO: Employee ID:  638 registered (BALDEVIA 0002)  
[2022-07-13 15:10:21] local.INFO: Employee ID:  690 registered (BALINTONG 0002)  
[2022-07-13 15:10:21] local.INFO: Employee ID:  513 registered (CADION 0002)  
[2022-07-13 15:10:22] local.INFO: Employee ID:  88 registered (CAGOYONG - ONTUCA 0002)  
[2022-07-13 15:10:23] local.INFO: Employee ID:  114 registered (CATAN 0002)  
[2022-07-13 15:10:24] local.INFO: Employee ID:  115 registered (CATUDIO 0002)  
[2022-07-13 15:10:24] local.INFO: Employee ID:  136 registered (COSTILLAS 0002)  
[2022-07-13 15:10:25] local.INFO: Employee ID:  142 registered (DABAN 0002)  
[2022-07-13 15:10:25] local.INFO: Employee ID:  145 registered (DADULLA 0002)  
[2022-07-13 15:10:26] local.INFO: Employee ID:  502 registered (DELINGON 0002)  
[2022-07-13 15:10:26] local.INFO: Employee ID:  589 registered (DOSAL 0002)  
[2022-07-13 15:10:27] local.INFO: Employee ID:  175 registered (ECAP 0002)  
[2022-07-13 15:10:28] local.INFO: Employee ID:  508 registered (EGOT 0002)  
[2022-07-13 15:10:28] local.INFO: Employee ID:  181 registered (ESCOTO 0002)  
[2022-07-13 15:10:29] local.INFO: Employee ID:  691 registered (FLORO 0002)  
[2022-07-13 15:10:29] local.INFO: Employee ID:  593 registered (GANATA 0002)  
[2022-07-13 15:10:30] local.INFO: Employee ID:  201 registered (GARCIA 0002)  
[2022-07-13 15:10:30] local.INFO: Employee ID:  578 registered (GERMODO 0002)  
[2022-07-13 15:10:30] local.INFO: Employee ID:  685 registered (LABADO 0002)  
[2022-07-13 15:10:31] local.INFO: Employee ID:  274 registered (MALATE 0002)  
[2022-07-13 15:10:31] local.INFO: Employee ID:  657 registered (MECINA 0002)  
[2022-07-13 15:10:32] local.INFO: Employee ID:  325 registered (ORBONG 0002)  
[2022-07-13 15:10:33] local.INFO: Employee ID:  354 registered (PAYOT 0002)  
[2022-07-13 15:10:33] local.INFO: Employee ID:  681 registered (QUILETORIO 0002)  
[2022-07-13 15:10:34] local.INFO: Employee ID:  720 registered (RAMBACOD 0002)  
[2022-07-13 15:10:34] local.INFO: Employee ID:  389 registered (SABIDO 0002)  
[2022-07-13 15:10:35] local.INFO: Employee ID:  503 registered (SALA 0002)  
[2022-07-13 15:10:35] local.INFO: Employee ID:  412 registered (SISON 0002)  
[2022-07-13 15:10:36] local.INFO: Employee ID:  457 registered (YAP 0002)  
[2022-07-13 15:10:36] local.INFO: Employee ID:  47 registered (BALAGASAY 0002)  
[2022-07-13 15:10:37] local.INFO: Employee ID:  512 registered (BOHOL 0002)  
[2022-07-13 15:10:37] local.INFO: Employee ID:  42 registered (BABALCON 0002)  
[2022-07-13 15:10:38] local.INFO: Employee ID:  84 registered (CADAVERO 0002)  
[2022-07-13 15:10:39] local.INFO: Employee ID:  108 registered (CASTAÑAS 0002)  
[2022-07-13 15:10:39] local.INFO: Employee ID:  298 registered (MITRA 0002)  
[2022-07-13 15:10:39] local.INFO: Employee ID:  378 registered (RESMA 0002)  
[2022-07-13 15:10:40] local.INFO: Employee ID:  83 registered (CACHERO 0002)  
[2022-07-13 15:10:40] local.INFO: Employee ID:  90 registered (CAIDOY 0002)  
[2022-07-13 15:10:41] local.INFO: Employee ID:  436 registered (TOLIBAS 0002)  
[2022-07-13 15:10:41] local.INFO: Employee ID:  448 registered (VERTERRA 0002)  
[2022-07-13 15:10:42] local.INFO: Employee ID:  60 registered (BATO 0002)  
[2022-07-13 15:10:43] local.INFO: Employee ID:  96 registered (CAMONTOY 0002)  
[2022-07-13 15:10:43] local.INFO: Employee ID:  157 registered (DEL ROSARIO 0002)  
[2022-07-13 15:10:44] local.INFO: Employee ID:  291 registered (MERCADO 0002)  
[2022-07-13 15:10:44] local.INFO: Employee ID:  476 registered (NG 0002)  
[2022-07-13 15:10:45] local.INFO: Employee ID:  33 registered (ARTATES 0003)  
[2022-07-13 15:10:45] local.INFO: Employee ID:  38 registered (AVILA 0003)  
[2022-07-13 15:10:46] local.INFO: Employee ID:  521 registered (BOHOL 0003)  
[2022-07-13 15:10:47] local.INFO: Employee ID:  524 registered (CABCAD 0003)  
[2022-07-13 15:10:47] local.INFO: Employee ID:  526 registered (CANTORIA 0003)  
[2022-07-13 15:10:48] local.INFO: Employee ID:  718 registered (CERNA 0003)  
[2022-07-13 15:10:48] local.INFO: Employee ID:  523 registered (ESTRERA 0003)  
[2022-07-13 15:10:49] local.INFO: Employee ID:  146 registered (GALABIT 0003)  
[2022-07-13 15:10:49] local.INFO: Employee ID:  473 registered (HERMOSILLA 0003)  
[2022-07-13 15:10:50] local.INFO: Employee ID:  223 registered (IGOT 0003)  
[2022-07-13 15:10:50] local.INFO: Employee ID:  242 registered (LAGUNA 0003)  
[2022-07-13 15:10:51] local.INFO: Employee ID:  275 registered (MALINAO 0003)  
[2022-07-13 15:10:52] local.INFO: Employee ID:  295 registered (METING 0003)  
[2022-07-13 15:10:52] local.INFO: Employee ID:  546 registered (NAHINE 0003)  
[2022-07-13 15:10:53] local.INFO: Employee ID:  307 registered (NAVIA 0003)  
[2022-07-13 15:10:54] local.INFO: Employee ID:  310 registered (NICANOR 0003)  
[2022-07-13 15:10:54] local.INFO: Employee ID:  359 registered (PERALES 0003)  
[2022-07-13 15:10:55] local.INFO: Employee ID:  522 registered (PONO 0003)  
[2022-07-13 15:10:55] local.INFO: Employee ID:  367 registered (QUILBIO 0003)  
[2022-07-13 15:10:56] local.INFO: Employee ID:  698 registered (RODIL 0003)  
[2022-07-13 15:10:56] local.INFO: Employee ID:  625 registered (RONDINA 0003)  
[2022-07-13 15:10:57] local.INFO: Employee ID:  525 registered (SIBONGA 0003)  
[2022-07-13 15:10:58] local.INFO: Employee ID:  699 registered (VICTORIO 0003)  
[2022-07-13 15:10:59] local.INFO: Employee ID:  458 registered (YAP 0003)  
[2022-07-13 15:10:59] local.INFO: Employee ID:  222 registered (IGNACIO 0003)  
[2022-07-13 15:11:00] local.INFO: Employee ID:  629 registered (LAURON 0003)  
[2022-07-13 15:11:00] local.INFO: Employee ID:  285 registered (MARTINEZ 0003)  
[2022-07-13 15:11:01] local.INFO: Employee ID:  110 registered (CASTRO 0003)  
[2022-07-13 15:11:01] local.INFO: Employee ID:  654 registered (CERILO 0003)  
[2022-07-13 15:11:02] local.INFO: Employee ID:  667 registered (CORAL 0003)  
[2022-07-13 15:11:02] local.INFO: Employee ID:  134 registered (COSE 0003)  
[2022-07-13 15:11:03] local.INFO: Employee ID:  174 registered (EBIO 0003)  
[2022-07-13 15:11:03] local.INFO: Employee ID:  273 registered (MAHILOM 0003)  
[2022-07-13 15:11:03] local.INFO: Employee ID:  321 registered (OFREDO 0003)  
[2022-07-13 15:11:04] local.INFO: Employee ID:  617 registered (OPAMIN 0003)  
[2022-07-13 15:11:04] local.INFO: Employee ID:  365 registered (PUNAY 0003)  
[2022-07-13 15:11:05] local.INFO: Employee ID:  610 registered (ROSENDE 0003)  
[2022-07-13 15:11:06] local.INFO: Employee ID:  409 registered (SINGCOL 0003)  
[2022-07-13 15:11:06] local.INFO: Employee ID:  413 registered (SOLA 0003)  
[2022-07-13 15:11:07] local.INFO: Employee ID:  68 registered (BERONDO 0003)  
[2022-07-13 15:11:07] local.INFO: Employee ID:  32 registered (ARPON 0003)  
[2022-07-13 15:11:08] local.INFO: Employee ID:  119 registered (CHAVEZ 0003)  
[2022-07-13 15:11:09] local.INFO: Employee ID:  551 registered (JUNTILLA 0003)  
[2022-07-13 15:11:09] local.INFO: Employee ID:  531 registered (LUMBRES 0003)  
[2022-07-13 15:11:10] local.INFO: Employee ID:  332 registered (ORTULA 0003)  
[2022-07-13 15:11:11] local.INFO: Employee ID:  626 registered (ARGOMIDO 0003)  
[2022-07-13 15:11:12] local.INFO: Employee ID:  144 registered (DACAL 0003)  
[2022-07-13 15:11:12] local.INFO: Employee ID:  366 registered (PUNAY 0003)  
[2022-07-13 15:11:13] local.INFO: Employee ID:  4 registered (ABENIO 0003)  
[2022-07-13 15:11:14] local.INFO: Employee ID:  219 registered (HORTELANO 0003)  
[2022-07-13 15:11:14] local.INFO: Employee ID:  401 registered (SAN JUAN 0003)  
[2022-07-13 15:11:15] local.INFO: Employee ID:  613 registered (CAÑEZAL 0003)  
[2022-07-13 15:11:16] local.INFO: Employee ID:  708 registered (CODILLA 0003)  
[2022-07-13 15:11:16] local.INFO: Employee ID:  263 registered (MABAG 0003)  
[2022-07-13 15:11:17] local.INFO: Employee ID:  43 registered (BACALLA 0003)  
[2022-07-13 15:11:17] local.INFO: Employee ID:  639 registered (CABANGANAN 0003)  
[2022-07-13 15:11:18] local.INFO: Employee ID:  93 registered (CALIMUTAN 0003)  
[2022-07-13 15:11:19] local.INFO: Employee ID:  616 registered (TUPAS 0003)  
[2022-07-13 15:11:19] local.INFO: Employee ID:  194 registered (GADAINGAN 0003)  
[2022-07-13 15:11:20] local.INFO: Employee ID:  527 registered (ANOBLING 0004)  
[2022-07-13 15:11:21] local.INFO: Employee ID:  603 registered (BAGARIANO 0004)  
[2022-07-13 15:11:21] local.INFO: Employee ID:  71 registered (BIBERA 0004)  
[2022-07-13 15:11:22] local.INFO: Employee ID:  118 registered (CEROJALES 0004)  
[2022-07-13 15:11:23] local.INFO: Employee ID:  200 registered (GARCIA 0004)  
[2022-07-13 15:11:23] local.INFO: Employee ID:  244 registered (LAMADORA 0004)  
[2022-07-13 15:11:25] local.INFO: Employee ID:  259 registered (LORA 0004)  
[2022-07-13 15:11:25] local.INFO: Employee ID:  297 registered (MIRAFLOR 0004)  
[2022-07-13 15:11:27] local.INFO: Employee ID:  562 registered (MORALES 0004)  
[2022-07-13 15:11:28] local.INFO: Employee ID:  591 registered (ORTEGA 0004)  
[2022-07-13 15:11:29] local.INFO: Employee ID:  348 registered (PAPAS 0004)  
[2022-07-13 15:11:29] local.INFO: Employee ID:  627 registered (REMEDIOS 0004)  
[2022-07-13 15:11:30] local.INFO: Employee ID:  703 registered (ROBLES 0004)  
[2022-07-13 15:11:30] local.INFO: Employee ID:  429 registered (TAÑALAC 0004)  
[2022-07-13 15:11:31] local.INFO: Employee ID:  430 registered (TAÑOLA 0004)  
[2022-07-13 15:11:31] local.INFO: Employee ID:  704 registered (VALES 0004)  
[2022-07-13 15:11:33] local.INFO: Employee ID:  62 registered (BAUTISTA 0004)  
[2022-07-13 15:11:34] local.INFO: Employee ID:  679 registered (ROLEGA 0004)  
[2022-07-13 15:11:34] local.INFO: Employee ID:  7 registered (ABUNDO 0004)  
[2022-07-13 15:11:35] local.INFO: Employee ID:  65 registered (BENECARIO 0004)  
[2022-07-13 15:11:35] local.INFO: Employee ID:  80 registered (CABATINGAN 0004)  
[2022-07-13 15:11:36] local.INFO: Employee ID:  696 registered (CLAVA 0004)  
[2022-07-13 15:11:36] local.INFO: Employee ID:  139 registered (CRISOSTOMO 0004)  
[2022-07-13 15:11:37] local.INFO: Employee ID:  484 registered (GOPO 0004)  
[2022-07-13 15:11:37] local.INFO: Employee ID:  226 registered (INDUNAN 0004)  
[2022-07-13 15:11:38] local.INFO: Employee ID:  249 registered (LAWAS 0004)  
[2022-07-13 15:11:38] local.INFO: Employee ID:  255 registered (LINA 0004)  
[2022-07-13 15:11:39] local.INFO: Employee ID:  680 registered (MANIGSASA 0004)  
[2022-07-13 15:11:39] local.INFO: Employee ID:  607 registered (RETULLA 0004)  
[2022-07-13 15:11:40] local.INFO: Employee ID:  697 registered (TILACAS 0004)  
[2022-07-13 15:11:41] local.INFO: Employee ID:  455 registered (WENSESLAO 0004)  
[2022-07-13 15:11:41] local.INFO: Employee ID:  190 registered (FLORES 0004)  
[2022-07-13 15:11:42] local.INFO: Employee ID:  212 registered (GOYO 0004)  
[2022-07-13 15:11:43] local.INFO: Employee ID:  218 registered (HERMIAS 0004)  
[2022-07-13 15:11:43] local.INFO: Employee ID:  431 registered (TANTUAN 0004)  
[2022-07-13 15:11:44] local.INFO: Employee ID:  687 registered (BERONGUIS 0004)  
[2022-07-13 15:11:44] local.INFO: Employee ID:  305 registered (NABLEA 0004)  
[2022-07-13 15:11:45] local.INFO: Employee ID:  311 registered (NIERRAS 0004)  
[2022-07-13 15:11:45] local.INFO: Employee ID:  631 registered (QUITORIO 0004)  
[2022-07-13 15:11:46] local.INFO: Employee ID:  688 registered (BENDANILLO 0004)  
[2022-07-13 15:11:47] local.INFO: Employee ID:  360 registered (PERODIS 0004)  
[2022-07-13 15:11:47] local.INFO: Employee ID:  133 registered (CORITANA 0004)  
[2022-07-13 15:11:48] local.INFO: Employee ID:  438 registered (TOMADA 0004)  
[2022-07-13 15:11:49] local.INFO: Employee ID:  612 registered (TUMIMBO 0004)  
[2022-07-13 15:11:50] local.INFO: Employee ID:  634 registered (GEROBIESE 0004)  
[2022-07-13 15:11:52] local.INFO: Employee ID:  217 registered (HALLERA 0004)  
[2022-07-13 15:11:53] local.INFO: Employee ID:  640 registered (PAYAC 0004)  
[2022-07-13 15:11:54] local.INFO: Employee ID:  372 registered (RAPAS 0004)  
[2022-07-13 15:11:55] local.INFO: Employee ID:  478 registered (SALAR 0004)  
[2022-07-13 15:11:56] local.INFO: Employee ID:  404 registered (SANTOS 0004)  
[2022-07-13 15:11:56] local.INFO: Employee ID:  462 registered (ZARCO 0004)  
[2022-07-13 15:11:58] local.INFO: Employee ID:  2 registered (ABDON 0005)  
[2022-07-13 15:11:58] local.INFO: Employee ID:  49 registered (BALDESCO 0005)  
[2022-07-13 15:11:59] local.INFO: Employee ID:  109 registered (CASTILLO 0005)  
[2022-07-13 15:11:59] local.INFO: Employee ID:  487 registered (GILBALIGA 0005)  
[2022-07-13 15:12:01] local.INFO: Employee ID:  216 registered (GULBE 0005)  
[2022-07-13 15:12:01] local.INFO: Employee ID:  500 registered (LENTEJAS 0005)  
[2022-07-13 15:12:02] local.INFO: Employee ID:  264 registered (MACAILAO 0005)  
[2022-07-13 15:12:03] local.INFO: Employee ID:  572 registered (MENDIOLA  0005)  
[2022-07-13 15:12:04] local.INFO: Employee ID:  594 registered (PALAÑA 0005)  
[2022-07-13 15:12:04] local.INFO: Employee ID:  432 registered (TARRAYO 0005)  
[2022-07-13 15:12:05] local.INFO: Employee ID:  713 registered (BERNALDO 0005)  
[2022-07-13 15:12:06] local.INFO: Employee ID:  51 registered (BAÑACIA 0005)  
[2022-07-13 15:12:07] local.INFO: Employee ID:  665 registered (BANTAYAN 0005)  
[2022-07-13 15:12:08] local.INFO: Employee ID:  149 registered (DANDAN 0005)  
[2022-07-13 15:12:09] local.INFO: Employee ID:  300 registered (MOLINA 0005)  
[2022-07-13 15:12:10] local.INFO: Employee ID:  301 registered (MOLLEJON 0005)  
[2022-07-13 15:12:10] local.INFO: Employee ID:  602 registered (MOLOBOCO 0005)  
[2022-07-13 15:12:12] local.INFO: Employee ID:  312 registered (NIM 0005)  
[2022-07-13 15:12:13] local.INFO: Employee ID:  318 registered (NUEVO 0005)  
[2022-07-13 15:12:13] local.INFO: Employee ID:  330 registered (ORTEA 0005)  
[2022-07-13 15:12:14] local.INFO: Employee ID:  719 registered (RAFAELES 0005)  
[2022-07-13 15:12:15] local.INFO: Employee ID:  424 registered (TAGUBAR 0005)  
[2022-07-13 15:12:15] local.INFO: Employee ID:  239 registered (LABENIA 0005)  
[2022-07-13 15:12:17] local.INFO: Employee ID:  282 registered (MARIANO 0005)  
[2022-07-13 15:12:17] local.INFO: Employee ID:  78 registered (CABACANG 0005)  
[2022-07-13 15:12:18] local.INFO: Employee ID:  184 registered (ESPINOSA 0005)  
[2022-07-13 15:12:18] local.INFO: Employee ID:  682 registered (FEROLINO 0005)  
[2022-07-13 15:12:19] local.INFO: Employee ID:  224 registered (ILISAN 0005)  
[2022-07-13 15:12:19] local.INFO: Employee ID:  320 registered (OCENAR 0005)  
[2022-07-13 15:12:20] local.INFO: Employee ID:  375 registered (REDULLAS 0005)  
[2022-07-13 15:12:21] local.INFO: Employee ID:  391 registered (SAGADAL 0005)  
[2022-07-13 15:12:22] local.INFO: Employee ID:  94 registered (CALIPES 0005)  
[2022-07-13 15:12:22] local.INFO: Employee ID:  346 registered (PALLONES 0005)  
[2022-07-13 15:12:23] local.INFO: Employee ID:  706 registered (ROA 0005)  
[2022-07-13 15:12:23] local.INFO: Employee ID:  564 registered (DELA BAJAN 0005)  
[2022-07-13 15:12:24] local.INFO: Employee ID:  162 registered (DELOS SANTOS 0005)  
[2022-07-13 15:12:25] local.INFO: Employee ID:  479 registered (LUCERO 0005)  
[2022-07-13 15:12:25] local.INFO: Employee ID:  415 registered (SORILO 0005)  
[2022-07-13 15:12:26] local.INFO: Employee ID:  461 registered (ZAMORA 0005)  
[2022-07-13 15:12:26] local.INFO: Employee ID:  715 registered (RACRAC 0005)  
[2022-07-13 15:12:27] local.INFO: Employee ID:  278 registered (MAÑA 0006)  
[2022-07-13 15:12:28] local.INFO: Employee ID:  566 registered (RANES 0006)  
[2022-07-13 15:12:29] local.INFO: Employee ID:  489 registered (SIMBAJON 0006)  
[2022-07-13 15:12:29] local.INFO: Employee ID:  335 registered (PACUNLA 0006)  
[2022-07-13 15:12:31] local.INFO: Employee ID:  67 registered (BERNARDO 0007)  
[2022-07-13 15:12:31] local.INFO: Employee ID:  152 registered (DE GUZMAN  0007)  
[2022-07-13 15:12:32] local.INFO: Employee ID:  195 registered (GADOA 0007)  
[2022-07-13 15:12:32] local.INFO: Employee ID:  251 registered (LEBOSADA 0007)  
[2022-07-13 15:12:33] local.INFO: Employee ID:  124 registered (COLLANTO 0007)  
[2022-07-13 15:12:33] local.INFO: Employee ID:  155 registered (DE PAZ 0007)  
[2022-07-13 15:12:34] local.INFO: Employee ID:  137 registered (CREER 0007)  
[2022-07-13 15:12:35] local.INFO: Employee ID:  55 registered (BARDOS 0008)  
[2022-07-13 15:12:35] local.INFO: Employee ID:  150 registered (DARIA 0008)  
[2022-07-13 15:12:36] local.INFO: Employee ID:  252 registered (LERIA 0008)  
[2022-07-13 15:12:36] local.INFO: Employee ID:  425 registered (TAMAYO 0009)  
[2022-07-13 15:12:37] local.INFO: Employee ID:  434 registered (TIOZON 0009)  
[2022-07-13 15:12:37] local.INFO: Employee ID:  143 registered (DABAN 0010)  
[2022-07-13 15:14:11] local.INFO: Employee ID:  BDC 317 registered (ABIERTAS 0001)  
[2022-07-13 15:14:12] local.INFO: Employee ID:  BDC 457 registered (BARONDA 0001)  
[2022-07-13 15:14:12] local.INFO: Employee ID:  BDC 456 registered (BRILLO 0001)  
[2022-07-13 15:14:13] local.INFO: Employee ID:  BDC 437 registered (DUQUE 0001)  
[2022-07-13 15:14:13] local.INFO: Employee ID:  BDC 455 registered (EMPILLO 0001)  
[2022-07-13 15:14:14] local.INFO: Employee ID:  BDC 439 registered (ESPIÑO 0001)  
[2022-07-13 15:14:14] local.INFO: Employee ID:  BDC 007 registered (GACHO 0001)  
[2022-07-13 15:14:14] local.INFO: Employee ID:  BDC 126 registered (GIO 0001)  
[2022-07-13 15:14:15] local.INFO: Employee ID:  BDC 002 registered (MALINAO 0001)  
[2022-07-13 15:14:15] local.INFO: Employee ID:  BDC 399 registered (MANUAL 0001)  
[2022-07-13 15:14:16] local.INFO: Employee ID:  BDC 105 registered (PACE 0001)  
[2022-07-13 15:14:16] local.INFO: Employee ID:  BDC 325 registered (PATIÑO 0001)  
[2022-07-13 15:14:16] local.INFO: Employee ID:  BDC 184 registered (PELAYO 0001)  
[2022-07-13 15:14:17] local.INFO: Employee ID:  BDC 207 registered (RAGA 0001)  
[2022-07-13 15:14:18] local.INFO: Employee ID:  BDC 318 registered (RAQUEL 0001)  
[2022-07-13 15:14:18] local.INFO: Employee ID:  BDC 009 registered (RELI 0001)  
[2022-07-13 15:14:18] local.INFO: Employee ID:  BDC 003 registered (TABUYAN 0001)  
[2022-07-13 15:14:19] local.INFO: Employee ID:  BDC 388 registered (AMORES 0002)  
[2022-07-13 15:14:19] local.INFO: Employee ID:  BDC 401 registered (AMPASO 0002)  
[2022-07-13 15:14:20] local.INFO: Employee ID:  BDC 056 registered (ANILA 0002)  
[2022-07-13 15:14:21] local.INFO: Employee ID:  BDC 438 registered (BADOCDOC 0002)  
[2022-07-13 15:14:21] local.INFO: Employee ID:  BDC 443 registered (BALEÑA 0002)  
[2022-07-13 15:14:22] local.INFO: Employee ID:  BDC 217 registered (BENCITO 0002)  
[2022-07-13 15:14:22] local.INFO: Employee ID:  BDC 124 registered (CARLON 0002)  
[2022-07-13 15:14:22] local.INFO: Employee ID:  BDC 010 registered (CENTINO 0002)  
[2022-07-13 15:14:23] local.INFO: Employee ID:  BDC 289 registered (DELA CRUZ 0002)  
[2022-07-13 15:14:23] local.INFO: Employee ID:  BDC 435 registered (DENOSO 0002)  
[2022-07-13 15:14:24] local.INFO: Employee ID:  BDC 215 registered (DISCAYA 0002)  
[2022-07-13 15:14:25] local.INFO: Employee ID:  BDC 440 registered (DULFO 0002)  
[2022-07-13 15:14:25] local.INFO: Employee ID:  BDC 441 registered (ESTOR 0002)  
[2022-07-13 15:14:25] local.INFO: Employee ID:  BDC 349 registered (GUARINO 0002)  
[2022-07-13 15:14:26] local.INFO: Employee ID:  BDC 060 registered (HAMILI 0002)  
[2022-07-13 15:14:26] local.INFO: Employee ID:  BDC 096 registered (MATA 0002)  
[2022-07-13 15:14:27] local.INFO: Employee ID:  BDC 304 registered (NARTE 0002)  
[2022-07-13 15:14:27] local.INFO: Employee ID:  BDC 327 registered (RONCALES 0002)  
[2022-07-13 15:14:28] local.INFO: Employee ID:  BDC 067 registered (SAGA 0002)  
[2022-07-13 15:14:28] local.INFO: Employee ID:  BDC 400 registered (VICENTE 0002)  
[2022-07-13 15:14:29] local.INFO: Employee ID:  BDC 053 registered (VICENTE 0002)  
[2022-07-13 15:14:29] local.INFO: Employee ID:  BDC 291 registered (YUTILA 0002)  
[2022-07-13 15:14:30] local.INFO: Employee ID:  BDC 278 registered (ACUIN 0003)  
[2022-07-13 15:14:31] local.INFO: Employee ID:  BDC 043 registered (ALECAÑO 0003)  
[2022-07-13 15:14:31] local.INFO: Employee ID:  BDC 073 registered (ANIBAN 0003)  
[2022-07-13 15:14:32] local.INFO: Employee ID:  BDC 076 registered (BALANQUIT 0003)  
[2022-07-13 15:14:32] local.INFO: Employee ID:  BDC 392 registered (CABER 0003)  
[2022-07-13 15:14:33] local.INFO: Employee ID:  BDC 129 registered (CAYA 0003)  
[2022-07-13 15:14:34] local.INFO: Employee ID:  BDC 415 registered (DEALAGDON 0003)  
[2022-07-13 15:14:35] local.INFO: Employee ID:  BDC 119 registered (FRANCISCO 0003)  
[2022-07-13 15:14:35] local.INFO: Employee ID:  BDC 413 registered (GARCIO 0003)  
[2022-07-13 15:14:36] local.INFO: Employee ID:  BDC 237 registered (GULDO 0003)  
[2022-07-13 15:14:36] local.INFO: Employee ID:  BDC 425 registered (JULATON 0003)  
[2022-07-13 15:14:37] local.INFO: Employee ID:  BDC 448 registered (JULATON 0003)  
[2022-07-13 15:14:37] local.INFO: Employee ID:  BDC 396 registered (MALINAO 0003)  
[2022-07-13 15:14:38] local.INFO: Employee ID:  BDC 444 registered (MARIANO 0003)  
[2022-07-13 15:14:39] local.INFO: Employee ID:  BDC 414 registered (MERENCILLO 0003)  
[2022-07-13 15:14:39] local.INFO: Employee ID:  BDC 395 registered (MORALES 0003)  
[2022-07-13 15:14:40] local.INFO: Employee ID:  BDC 235 registered (ORTEGA 0003)  
[2022-07-13 15:14:40] local.INFO: Employee ID:  BDC 369 registered (PASCUAL 0003)  
[2022-07-13 15:14:41] local.INFO: Employee ID:  BDC 277 registered (PELOTOS 0003)  
[2022-07-13 15:14:42] local.INFO: Employee ID:  BDC 241 registered (ROBLES 0003)  
[2022-07-13 15:14:44] local.INFO: Employee ID:  BDC 084 registered (ROSALADO 0003)  
[2022-07-13 15:14:44] local.INFO: Employee ID:  BDC 242 registered (RULONA 0003)  
[2022-07-13 15:14:45] local.INFO: Employee ID:  BDC 411 registered (SALVACION 0003)  
[2022-07-13 15:14:46] local.INFO: Employee ID:  BDC 424 registered (SAPOAN 0003)  
[2022-07-13 15:14:46] local.INFO: Employee ID:  BDC 355 registered (TARRAYO 0003)  
[2022-07-13 15:14:47] local.INFO: Employee ID:  BDC 410 registered (VALENTINO 0003)  
[2022-07-13 15:14:47] local.INFO: Employee ID:  BDC 179 registered (ARBOL 0004)  
[2022-07-13 15:14:48] local.INFO: Employee ID:  BDC 377 registered (BERNADES 0004)  
[2022-07-13 15:14:48] local.INFO: Employee ID:  BDC 039 registered (BOISER 0004)  
[2022-07-13 15:14:49] local.INFO: Employee ID:  BDC 169 registered (CAJOLES 0004)  
[2022-07-13 15:14:49] local.INFO: Employee ID:  BDC 376 registered (CAPUSURAN 0004)  
[2022-07-13 15:14:50] local.INFO: Employee ID:  BDC 422 registered (CONSAD 0004)  
[2022-07-13 15:14:51] local.INFO: Employee ID:  BDC 187 registered (CORTEL 0004)  
[2022-07-13 15:14:51] local.INFO: Employee ID:  BDC 446 registered (CORTEZ 0004)  
[2022-07-13 15:14:52] local.INFO: Employee ID:  BDC 083 registered (DUROPAN 0004)  
[2022-07-13 15:14:52] local.INFO: Employee ID:  BDC 378 registered (FLORES 0004)  
[2022-07-13 15:14:53] local.INFO: Employee ID:  BDC 296 registered (FLORIDA 0004)  
[2022-07-13 15:14:53] local.INFO: Employee ID:  BDC 087 registered (GALVEZ 0004)  
[2022-07-13 15:14:54] local.INFO: Employee ID:  BDC 030 registered (GLARIO 0004)  
[2022-07-13 15:14:54] local.INFO: Employee ID:  BDC 379 registered (GULA 0004)  
[2022-07-13 15:14:55] local.INFO: Employee ID:  BDC 383 registered (IWAY 0004)  
[2022-07-13 15:14:56] local.INFO: Employee ID:  BDC 391 registered (JACOBE 0004)  
[2022-07-13 15:14:56] local.INFO: Employee ID:  BDC 306 registered (JACOBE 0004)  
[2022-07-13 15:14:57] local.INFO: Employee ID:  BDC 293 registered (JOVEN 0004)  
[2022-07-13 15:14:58] local.INFO: Employee ID:  BDC 063 registered (LAVIÑA 0004)  
[2022-07-13 15:14:58] local.INFO: Employee ID:  BDC 394 registered (LIGUTAN 0004)  
[2022-07-13 15:14:59] local.INFO: Employee ID:  BDC 156 registered (LONTOCO 0004)  
[2022-07-13 15:15:00] local.INFO: Employee ID:  BDC 421 registered (MALLE 0004)  
[2022-07-13 15:15:01] local.INFO: Employee ID:  BDC 176 registered (PELAEZ 0004)  
[2022-07-13 15:15:01] local.INFO: Employee ID:  BDC 419 registered (PIGTE 0004)  
[2022-07-13 15:15:02] local.INFO: Employee ID:  BDC 189 registered (REYES 0004)  
[2022-07-13 15:15:03] local.INFO: Employee ID:  BDC 393 registered (VILLASOTES 0004)  
[2022-07-13 15:15:03] local.INFO: Employee ID:  BDC 428 registered (ALAGON 0005)  
[2022-07-13 15:15:05] local.INFO: Employee ID:  BDC 382 registered (BATUCAEL 0005)  
[2022-07-13 15:15:05] local.INFO: Employee ID:  BDC 434 registered (BELARO 0005)  
[2022-07-13 15:15:06] local.INFO: Employee ID:  BDC 432 registered (CASAS 0005)  
[2022-07-13 15:15:06] local.INFO: Employee ID:  BDC 433 registered (CERNA 0005)  
[2022-07-13 15:15:07] local.INFO: Employee ID:  BDC 040 registered (DADIOS 0005)  
[2022-07-13 15:15:08] local.INFO: Employee ID:  BDC 226 registered (DE GUZMAN 0005)  
[2022-07-13 15:15:08] local.INFO: Employee ID:  BDC 452 registered (FEGARIDO 0005)  
[2022-07-13 15:15:09] local.INFO: Employee ID:  BDC 086 registered (GALO 0005)  
[2022-07-13 15:15:09] local.INFO: Employee ID:  BDC 426 registered (GENERALE 0005)  
[2022-07-13 15:15:10] local.INFO: Employee ID:  BDC 019 registered (GLARIO 0005)  
[2022-07-13 15:15:10] local.INFO: Employee ID:  BDC 429 registered (GOLIAT 0005)  
[2022-07-13 15:15:11] local.INFO: Employee ID:  BDC 430 registered (INDOLOS 0005)  
[2022-07-13 15:15:11] local.INFO: Employee ID:  BDC 154 registered (LIM 0005)  
[2022-07-13 15:15:12] local.INFO: Employee ID:  BDC 227 registered (MAHAYAG 0005)  
[2022-07-13 15:15:12] local.INFO: Employee ID:  BDC 431 registered (MATUTES 0005)  
[2022-07-13 15:15:13] local.INFO: Employee ID:  BDC 427 registered (MONTUERTO 0005)  
[2022-07-13 15:15:13] local.INFO: Employee ID:  BDC 020 registered (NAYA 0005)  
[2022-07-13 15:15:14] local.INFO: Employee ID:  BDC 267 registered (NOVAL 0005)  
[2022-07-13 15:15:14] local.INFO: Employee ID:  BDC 162 registered (OMANITO 0005)  
[2022-07-13 15:15:15] local.INFO: Employee ID:  BDC 050 registered (ORGE 0005)  
[2022-07-13 15:15:15] local.INFO: Employee ID:  BDC 321 registered (PACHECO 0005)  
[2022-07-13 15:15:16] local.INFO: Employee ID:  BDC 229 registered (PANILAG 0005)  
[2022-07-13 15:15:16] local.INFO: Employee ID:  BDC 103 registered (PILAPIL 0005)  
[2022-07-13 15:15:17] local.INFO: Employee ID:  BDC 272 registered (REGNER 0005)  
[2022-07-13 15:15:17] local.INFO: Employee ID:  BDC 112 registered (SICSIC 0005)  
[2022-07-13 15:15:18] local.INFO: Employee ID:  BDC 113 registered (SIGUAN 0005)  
[2022-07-13 15:15:19] local.INFO: Employee ID:  BDC 329 registered (SURIMA 0005)  
[2022-07-13 15:15:19] local.INFO: Employee ID:  BDC 259 registered (TAGALOG 0005)  
[2022-07-13 15:15:20] local.INFO: Employee ID:  BDC 021 registered (ABEO 0006)  
[2022-07-13 15:15:20] local.INFO: Employee ID:  BDC 406 registered (AGUILANDO 0006)  
[2022-07-13 15:15:21] local.INFO: Employee ID:  BDC 109 registered (ALTURA 0006)  
[2022-07-13 15:15:21] local.INFO: Employee ID:  BDC 072 registered (ALVAREZ 0006)  
[2022-07-13 15:15:22] local.INFO: Employee ID:  BDC 206 registered (ANCHOJAS 0006)  
[2022-07-13 15:15:22] local.INFO: Employee ID:  BDC 423 registered (ARGUTA 0006)  
[2022-07-13 15:15:23] local.INFO: Employee ID:  BDC 342 registered (ARRIVADO 0006)  
[2022-07-13 15:15:24] local.INFO: Employee ID:  BDC 420 registered (AWA-AO 0006)  
[2022-07-13 15:15:24] local.INFO: Employee ID:  BDC 044 registered (BOCATEJA 0006)  
[2022-07-13 15:15:25] local.INFO: Employee ID:  BDC 409 registered (BOHOLST 0006)  
[2022-07-13 15:15:25] local.INFO: Employee ID:  BDC 210 registered (BUCLATAN 0006)  
[2022-07-13 15:15:25] local.INFO: Employee ID:  BDC 363 registered (BUSTILLO 0006)  
[2022-07-13 15:15:26] local.INFO: Employee ID:  BDC 341 registered (CALAMBA 0006)  
[2022-07-13 15:15:26] local.INFO: Employee ID:  BDC 146 registered (CAÑETE 0006)  
[2022-07-13 15:15:27] local.INFO: Employee ID:  BDC 436 registered (CAPON 0006)  
[2022-07-13 15:15:27] local.INFO: Employee ID:  BDC 213 registered (CATANDUANES 0006)  
[2022-07-13 15:15:28] local.INFO: Employee ID:  BDC 194 registered (DE PAZ 0006)  
[2022-07-13 15:15:28] local.INFO: Employee ID:  BDC 344 registered (ESCODERO 0006)  
[2022-07-13 15:15:29] local.INFO: Employee ID:  BDC 353 registered (FERMA 0006)  
[2022-07-13 15:15:29] local.INFO: Employee ID:  BDC 075 registered (FIGUEROA 0006)  
[2022-07-13 15:15:30] local.INFO: Employee ID:  BDC 339 registered (GAPUL 0006)  
[2022-07-13 15:15:30] local.INFO: Employee ID:  BDC 442 registered (GAYAS 0006)  
[2022-07-13 15:15:30] local.INFO: Employee ID:  BDC 303 registered (GERILLA 0006)  
[2022-07-13 15:15:31] local.INFO: Employee ID:  BDC 033 registered (HUMANGIT 0006)  
[2022-07-13 15:15:31] local.INFO: Employee ID:  BDC 090 registered (LAO 0006)  
[2022-07-13 15:15:32] local.INFO: Employee ID:  BDC 092 registered (LLACER 0006)  
[2022-07-13 15:15:32] local.INFO: Employee ID:  BDC 240 registered (MOLINO 0006)  
[2022-07-13 15:15:33] local.INFO: Employee ID:  BDC 098 registered (MORAN 0006)  
[2022-07-13 15:15:33] local.INFO: Employee ID:  BDC 203 registered (MOVILLA 0006)  
[2022-07-13 15:15:34] local.INFO: Employee ID:  BDC 340 registered (NARAJA 0006)  
[2022-07-13 15:15:35] local.INFO: Employee ID:  BDC 014 registered (OLINO 0006)  
[2022-07-13 15:15:35] local.INFO: Employee ID:  BDC 299 registered (PELICANO 0006)  
[2022-07-13 15:15:36] local.INFO: Employee ID:  BDC 347 registered (PONCE 0006)  
[2022-07-13 15:15:36] local.INFO: Employee ID:  BDC 386 registered (PROCURADOR 0006)  
[2022-07-13 15:15:37] local.INFO: Employee ID:  BDC 193 registered (PRUDENCIO 0006)  
[2022-07-13 15:15:38] local.INFO: Employee ID:  BDC 212 registered (REMOTO 0006)  
[2022-07-13 15:15:39] local.INFO: Employee ID:  BDC 453 registered (REVELO 0006)  
[2022-07-13 15:15:40] local.INFO: Employee ID:  BDC 052 registered (SOLAYAO 0006)  
[2022-07-13 15:15:41] local.INFO: Employee ID:  BDC 447 registered (TONIDO 0006)  
